<?xml version="1.0" encoding="UTF-8"?>
<!-- Generated by org.testng.reporters.JUnitReportReporter -->
<testsuite hostname="tejal" failures="0" tests="1" name="com.inetBankingDemo.PageObject.listner" time="0.010" errors="0" timestamp="2023-02-08T23:48:07 IST" skipped="0">
  <testcase classname="com.inetBankingDemo.PageObject.listner" name="check" time="0.010"/>
  <system-out/>
</testsuite> <!-- com.inetBankingDemo.PageObject.listner -->
