<?xml version="1.0" encoding="UTF-8"?>
<!-- Generated by org.testng.reporters.JUnitReportReporter -->
<testsuite hostname="tejal" failures="0" tests="1" name="com.inetBankingDemo.Testcases.Test" time="9.736" errors="0" timestamp="2023-02-18T14:27:45 IST" skipped="0">
  <testcase classname="com.inetBankingDemo.Testcases.Test" name="setup1" time="9.736"/>
  <system-out/>
</testsuite> <!-- com.inetBankingDemo.Testcases.Test -->
