<?xml version="1.0" encoding="UTF-8"?>
<!-- Generated by org.testng.reporters.JUnitReportReporter -->
<testsuite hostname="tejal" failures="0" tests="1" name="files.LibraryApi" time="2.915" errors="0" timestamp="2023-04-07T13:43:08 IST" skipped="0">
  <testcase classname="files.LibraryApi" name="AddBook" time="2.915"/>
  <system-out/>
</testsuite> <!-- files.LibraryApi -->
