<?xml version="1.0" encoding="UTF-8"?>
<!-- Generated by org.testng.reporters.JUnitReportReporter -->
<testsuite hostname="tejal" failures="0" tests="3" name="files.LibraryJson_ByUsing_dataprovider" time="2.881" errors="0" timestamp="2023-04-07T22:47:58 IST" skipped="0">
  <testcase classname="files.LibraryJson_ByUsing_dataprovider" name="AddBook" time="0.160"/>
  <system-out/>
  <testcase classname="files.LibraryJson_ByUsing_dataprovider" name="AddBook" time="0.189"/>
  <system-out/>
  <testcase classname="files.LibraryJson_ByUsing_dataprovider" name="AddBook" time="2.532"/>
  <system-out/>
</testsuite> <!-- files.LibraryJson_ByUsing_dataprovider -->
