<?xml version="1.0" encoding="UTF-8"?>
<!-- Generated by org.testng.reporters.JUnitReportReporter -->
<testsuite hostname="tejal" failures="0" tests="2" name="Test.TestExample" time="0.612" errors="0" timestamp="2022-09-08T16:12:24 IST" skipped="0">
  <testcase classname="Test.TestExample" name="Test_2" time="0.342"/>
  <system-out/>
  <testcase classname="Test.TestExample" name="Test_1" time="0.270"/>
  <system-out/>
</testsuite> <!-- Test.TestExample -->
