<?xml version="1.0" encoding="UTF-8"?>
<!-- Generated by org.testng.reporters.JUnitReportReporter -->
<testsuite hostname="tejal" failures="0" tests="2" name="Test.Put_Patch_delete" time="1.628" errors="0" timestamp="2022-09-08T16:12:24 IST" skipped="0">
  <testcase classname="Test.Put_Patch_delete" name="testpatch" time="0.978"/>
  <system-out/>
  <testcase classname="Test.Put_Patch_delete" name="testput" time="0.650"/>
  <system-out/>
</testsuite> <!-- Test.Put_Patch_delete -->
