<?xml version="1.0" encoding="UTF-8"?>
<!-- Generated by org.testng.reporters.JUnitReportReporter -->
<testsuite hostname="tejal" failures="0" tests="2" name="Test.Get_And_Post" time="6.502" errors="0" timestamp="2022-09-08T16:12:24 IST" skipped="1">
  <testcase classname="Test.Get_And_Post" name="testGet" time="6.502"/>
  <system-out/>
  <testcase classname="Test.Get_And_Post" name="testpost">
    <skipped/>
  </testcase> <!-- testpost -->
  <system-out/>
</testsuite> <!-- Test.Get_And_Post -->
